\BOOKMARK [0][-]{chapter.1}{\376\377\000S\000h\000o\000r\000t\000e\000s\000t\000-\000P\000a\000t\000h\000\040\000A\000l\000g\000o\000r\000i\000t\000h\000m\000s\000\040\000a\000n\000d\000\040\000D\000y\000n\000a\000m\000i\000c\000\040\000P\000r\000o\000g\000r\000a\000m\000m\000i\000n\000g}{}% 1
\BOOKMARK [1][-]{section.1.1}{\376\377\000G\000r\000a\000p\000h\000s}{chapter.1}% 2
\BOOKMARK [1][-]{section.1.2}{\376\377\000D\000y\000n\000a\000m\000i\000c\000\040\000p\000r\000o\000g\000r\000a\000m\000m\000i\000n\000g}{chapter.1}% 3
\BOOKMARK [2][-]{subsection.1.2.1}{\376\377\000D\000P\000\040\000c\000o\000d\000i\000n\000g\000\040\000p\000r\000o\000b\000l\000e\000m\000s}{section.1.2}% 4
\BOOKMARK [1][-]{section.1.3}{\376\377\000T\000h\000e\000\040\000V\000i\000t\000e\000r\000b\000i\000\040\000a\000l\000g\000o\000r\000i\000t\000h\000m}{chapter.1}% 5
\BOOKMARK [0][-]{chapter.2}{\376\377\000L\000o\000g\000i\000s\000t\000i\000c\000\040\000R\000e\000g\000r\000e\000s\000s\000i\000o\000n}{}% 6
\BOOKMARK [1][-]{section.2.1}{\376\377\000T\000h\000e\000\040\000i\000m\000p\000o\000r\000t\000a\000n\000c\000e\000\040\000o\000f\000\040\000e\000s\000t\000a\000b\000l\000i\000s\000h\000i\000n\000g\000\040\000a\000\040\000b\000a\000s\000e\000l\000i\000n\000e}{chapter.2}% 7
\BOOKMARK [1][-]{section.2.2}{\376\377\000U\000n\000d\000e\000r\000s\000t\000a\000n\000d\000i\000n\000g\000\040\000L\000R}{chapter.2}% 8
\BOOKMARK [1][-]{section.2.3}{\376\377\000F\000r\000o\000m\000\040\000l\000i\000k\000e\000l\000i\000h\000o\000o\000d\000\040\000t\000o\000\040\000c\000o\000s\000t\000\040\000f\000u\000n\000c\000t\000i\000o\000n}{chapter.2}% 9
\BOOKMARK [2][-]{subsection.2.3.1}{\376\377\000O\000n\000\040\000K\000L\000-\000d\000i\000v\000e\000r\000g\000e\000n\000c\000e\000\040\000a\000n\000d\000\040\000c\000r\000o\000s\000s\000-\000e\000n\000t\000r\000o\000p\000y}{section.2.3}% 10
\BOOKMARK [2][-]{subsection.2.3.2}{\376\377\000L\000o\000g\000i\000s\000t\000i\000c\000\040\000l\000o\000s\000s}{section.2.3}% 11
\BOOKMARK [1][-]{section.2.4}{\376\377\000I\000m\000p\000l\000e\000m\000e\000n\000t\000\040\000L\000R\000\040\000w\000i\000t\000h\000\040\000m\000i\000n\000i\000-\000b\000a\000t\000c\000h\000\040\000G\000D}{chapter.2}% 12
\BOOKMARK [0][-]{chapter.3}{\376\377\000G\000e\000n\000e\000r\000a\000l\000i\000z\000a\000t\000i\000o\000n}{}% 13
\BOOKMARK [1][-]{section.3.1}{\376\377\000W\000h\000e\000n\000\040\000w\000\040\000g\000o\000e\000s\000\040\000t\000o\000\040\000i\000n\000f\000i\000n\000i\000t\000y}{chapter.3}% 14
\BOOKMARK [1][-]{section.3.2}{\376\377\000L\0001\000\040\000a\000n\000d\000\040\000L\0002\000\040\000r\000e\000g\000u\000l\000a\000r\000i\000z\000a\000t\000i\000o\000n}{chapter.3}% 15
\BOOKMARK [1][-]{section.3.3}{\376\377\000K\000-\000f\000o\000l\000d\000\040\000C\000V}{chapter.3}% 16
\BOOKMARK [1][-]{section.3.4}{\376\377\000M\000L\000E\000,\000\040\000M\000A\000P\000\040\000a\000n\000d\000\040\000L\0001\000,\000\040\000L\0002}{chapter.3}% 17
\BOOKMARK [0][-]{chapter.4}{\376\377\000S\000V\000M}{}% 18
\BOOKMARK [0][-]{chapter.5}{\376\377\000N\000a\000i\000v\000e\000\040\000B\000a\000y\000e\000s\000,\000\040\000D\000e\000c\000i\000s\000i\000o\000n\000\040\000T\000r\000e\000e\000\040\000a\000n\000d\000\040\000R\000a\000n\000d\000o\000m\000\040\000F\000o\000r\000e\000s\000t}{}% 19
\BOOKMARK [1][-]{section.5.1}{\376\377\000N\000a\000i\000v\000e\000\040\000B\000a\000y\000e\000s}{chapter.5}% 20
\BOOKMARK [0][-]{chapter.6}{\376\377\000T\000e\000x\000t\000\040\000P\000r\000o\000c\000e\000s\000s\000i\000n\000g}{}% 21
\BOOKMARK [1][-]{section.6.1}{\376\377\000S\000e\000g\000m\000e\000n\000t\000a\000t\000i\000o\000n}{chapter.6}% 22
\BOOKMARK [2][-]{subsection.6.1.1}{\376\377\000T\000o\000o\000l\000s\000\040\000f\000o\000r\000\040\000C\000h\000i\000n\000e\000s\000e\000\040\000w\000o\000r\000d\000s\000\040\000s\000e\000g\000m\000e\000n\000t\000a\000t\000i\000o\000n}{section.6.1}% 23
\BOOKMARK [2][-]{subsection.6.1.2}{\376\377\000M\000a\000x\000\040\000m\000a\000t\000c\000h\000i\000n\000g\000\040\000a\000l\000g\000o\000r\000i\000t\000h\000m}{section.6.1}% 24
